<?xml version="1.0" encoding="UTF-8"?>
<testng-results ignored="0" total="1" passed="1" failed="0" skipped="0">
  <reporter-output>
  </reporter-output>
  <suite started-at="2023-03-24T17:42:47 IST" name="Suite" finished-at="2023-03-24T17:43:41 IST" duration-ms="53366">
    <groups>
    </groups>
    <test started-at="2023-03-24T17:42:47 IST" name="Test" finished-at="2023-03-24T17:43:41 IST" duration-ms="53366">
      <class name="testcases.LogoutTest">
        <test-method is-config="true" signature="setup()[pri:0, instance:testcases.LogoutTest@69997e9d]" started-at="2023-03-24T17:42:49 IST" name="setup" finished-at="2023-03-24T17:43:19 IST" duration-ms="30569" status="PASS">
          <reporter-output>
          </reporter-output>
        </test-method> <!-- setup -->
        <test-method signature="logOutTest()[pri:1, instance:testcases.LogoutTest@69997e9d]" started-at="2023-03-24T17:43:19 IST" name="logOutTest" finished-at="2023-03-24T17:43:37 IST" duration-ms="17629" status="PASS">
          <reporter-output>
          </reporter-output>
        </test-method> <!-- logOutTest -->
        <test-method is-config="true" signature="teardown()[pri:0, instance:testcases.LogoutTest@69997e9d]" started-at="2023-03-24T17:43:37 IST" name="teardown" finished-at="2023-03-24T17:43:41 IST" duration-ms="3624" status="PASS">
          <reporter-output>
          </reporter-output>
        </test-method> <!-- teardown -->
      </class> <!-- testcases.LogoutTest -->
    </test> <!-- Test -->
  </suite> <!-- Suite -->
</testng-results>
